JUnit version 4.13.2
.E.E
Time: 0.668
There were 2 failures:
1) testFilter1(TestListExamples)
java.lang.AssertionError: expected:<[hello, hey]> but was:<[hey, hello]>
	at org.junit.Assert.fail(Assert.java:89)
	at org.junit.Assert.failNotEquals(Assert.java:835)
	at org.junit.Assert.assertEquals(Assert.java:120)
	at org.junit.Assert.assertEquals(Assert.java:146)
	at TestListExamples.testFilter1(TestListExamples.java:35)
2) testMergeRightEnd(TestListExamples)
org.junit.runners.model.TestTimedOutException: test timed out after 500 milliseconds
	at java.base@17.0.7/java.util.Arrays.copyOf(Arrays.java:3512)
	at java.base@17.0.7/java.util.Arrays.copyOf(Arrays.java:3481)
	at java.base@17.0.7/java.util.ArrayList.grow(ArrayList.java:237)
	at java.base@17.0.7/java.util.ArrayList.grow(ArrayList.java:244)
	at java.base@17.0.7/java.util.ArrayList.add(ArrayList.java:454)
	at java.base@17.0.7/java.util.ArrayList.add(ArrayList.java:467)
	at app//ListExamples.merge(ListExamples.java:42)
	at app//TestListExamples.testMergeRightEnd(TestListExamples.java:25)

FAILURES!!!
Tests run: 2,  Failures: 2

